<?xml version="1.0" encoding="UTF-8"?>
<!-- Generated by org.testng.reporters.JUnitReportReporter -->
<testsuite hostname="DESKTOP-BA319U8" name="com.qa.testcases.LoginTest" tests="3" failures="0" timestamp="30 May 2019 22:15:26 GMT" time="18.140" errors="0">
  <testcase name="loginTest" time="4.676" classname="com.qa.testcases.LoginTest"/>
  <testcase name="createNewPersonTest" time="9.946" classname="com.qa.testcases.LoginTest"/>
  <testcase name="createCaseTest" time="3.518" classname="com.qa.testcases.LoginTest"/>
</testsuite> <!-- com.qa.testcases.LoginTest -->
