<?xml version="1.0" encoding="UTF-8"?>
<!-- Generated by org.testng.reporters.JUnitReportReporter -->
<testsuite hostname="DESKTOP-BA319U8" name="com.qa.testcases.AccountSettingTest" tests="10" failures="0" timestamp="30 May 2019 22:15:26 GMT" time="50.655" errors="0">
  <testcase name="createOpportunities" time="5.574" classname="com.qa.testcases.AccountSettingTest"/>
  <testcase name="createUserTest" time="8.213" classname="com.qa.testcases.AccountSettingTest"/>
  <testcase name="createTaskCategory" time="5.184" classname="com.qa.testcases.AccountSettingTest"/>
  <testcase name="createTrack" time="5.215" classname="com.qa.testcases.AccountSettingTest"/>
  <testcase name="createTaskCategory" time="4.780" classname="com.qa.testcases.AccountSettingTest"/>
  <testcase name="custFieldsTest" time="0.813" classname="com.qa.testcases.AccountSettingTest"/>
  <testcase name="IntegrationAndTrashTest" time="2.071" classname="com.qa.testcases.AccountSettingTest"/>
  <testcase name="createTagsTest" time="4.366" classname="com.qa.testcases.AccountSettingTest"/>
  <testcase name="loginTest" time="4.422" classname="com.qa.testcases.AccountSettingTest"/>
  <testcase name="linksAccountToMailDropsTest" time="10.017" classname="com.qa.testcases.AccountSettingTest"/>
</testsuite> <!-- com.qa.testcases.AccountSettingTest -->
